
           Lattice Mapping Report File for Design Module 'ramTests'


Design Information
------------------

Command line:   map -a MachXO3L -p LCMXO3L-6900C -t CABGA256 -s 5 -oc Commercial
     ForthCPU_RAM.ngd -o ForthCPU_RAM_map.ncd -pr ForthCPU_RAM.prf -mp
     ForthCPU_RAM.mrp -lpf
     C:/Users/Duncan/git/ForthCPU/RAM/ForthCPU_RAM_synplify.lpf -lpf
     C:/Users/Duncan/git/ForthCPU/ForthCPU.lpf -c 0 -gui -msgset
     C:/Users/Duncan/git/ForthCPU/promote.xml 
Target Vendor:  LATTICE
Target Device:  LCMXO3L-6900CCABGA256
Target Performance:   5
Mapper:  xo3c00a,  version:  Diamond (64-bit) 3.13.0.56.2
Mapped on:  01/13/24  15:07:20




   Number of warnings:  47
   Number of errors:    1
     

Design Errors/Warnings
----------------------

WARNING - map: C:/Users/Duncan/git/ForthCPU/ForthCPU.lpf(4): Semantic error in
     "FREQUENCY PORT "PIN_CLK_X1" 12.000000 MHz ;": "PIN_CLK_X1" matches no
     ports in the design.  This preference has been disabled.
WARNING - map: C:/Users/Duncan/git/ForthCPU/ForthCPU.lpf(7): Semantic error in
     "LOCATE COMP "PIN_RESETN" SITE "B3" ;": COMP "PIN_RESETN" cannot be found
     in design. This preference has been disabled.
WARNING - map: C:/Users/Duncan/git/ForthCPU/ForthCPU.lpf(8): Semantic error in
     "LOCATE COMP "PIN_CLK_X1" SITE "C8" ;": COMP "PIN_CLK_X1" cannot be found
     in design. This preference has been disabled.
WARNING - map: C:/Users/Duncan/git/ForthCPU/ForthCPU.lpf(9): Semantic error in
     "LOCATE COMP "PIN_RXD" SITE "E8" ;": COMP "PIN_RXD" cannot be found in
     design. This preference has been disabled.
WARNING - map: C:/Users/Duncan/git/ForthCPU/ForthCPU.lpf(10): Semantic error in
     "LOCATE COMP "PIN_TXD" SITE "E7" ;": COMP "PIN_TXD" cannot be found in
     design. This preference has been disabled.
WARNING - map: C:/Users/Duncan/git/ForthCPU/ForthCPU.lpf(13): Semantic error in
     "LOCATE COMP "PIN_DEBUG_STOP" SITE "B6" ;": COMP "PIN_DEBUG_STOP" cannot be
     found in design. This preference has been disabled.
WARNING - map: C:/Users/Duncan/git/ForthCPU/ForthCPU.lpf(14): Semantic error in
     "LOCATE COMP "PIN_DEBUG_WRN" SITE "B4" ;": COMP "PIN_DEBUG_WRN" cannot be
     found in design. This preference has been disabled.
WARNING - map: C:/Users/Duncan/git/ForthCPU/ForthCPU.lpf(15): Semantic error in
     "LOCATE COMP "PIN_DEBUG_RDN" SITE "B5" ;": COMP "PIN_DEBUG_RDN" cannot be
     found in design. This preference has been disabled.
WARNING - map: C:/Users/Duncan/git/ForthCPU/ForthCPU.lpf(16): Semantic error in
     "LOCATE COMP "PIN_DEBUG_ADDR[0]" SITE "A4" ;": COMP "PIN_DEBUG_ADDR[0]"
     cannot be found in design. This preference has been disabled.
WARNING - map: C:/Users/Duncan/git/ForthCPU/ForthCPU.lpf(17): Semantic error in
     "LOCATE COMP "PIN_DEBUG_ADDR[1]" SITE "A5" ;": COMP "PIN_DEBUG_ADDR[1]"
     cannot be found in design. This preference has been disabled.
WARNING - map: C:/Users/Duncan/git/ForthCPU/ForthCPU.lpf(18): Semantic error in
     "LOCATE COMP "PIN_DEBUG_ADDR[2]" SITE "B7" ;": COMP "PIN_DEBUG_ADDR[2]"
     cannot be found in design. This preference has been disabled.

                                    Page 1




Design:  ramTests                                      Date:  01/13/24  15:07:20

Design Errors/Warnings (cont)
-----------------------------
WARNING - map: C:/Users/Duncan/git/ForthCPU/ForthCPU.lpf(19): Semantic error in
     "LOCATE COMP "PIN_DEBUG_DATA[0]" SITE "B9" ;": COMP "PIN_DEBUG_DATA[0]"
     cannot be found in design. This preference has been disabled.
WARNING - map: C:/Users/Duncan/git/ForthCPU/ForthCPU.lpf(20): Semantic error in
     "LOCATE COMP "PIN_DEBUG_DATA[1]" SITE "D9" ;": COMP "PIN_DEBUG_DATA[1]"
     cannot be found in design. This preference has been disabled.
WARNING - map: C:/Users/Duncan/git/ForthCPU/ForthCPU.lpf(21): Semantic error in
     "LOCATE COMP "PIN_DEBUG_DATA[2]" SITE "F7" ;": COMP "PIN_DEBUG_DATA[2]"
     cannot be found in design. This preference has been disabled.
WARNING - map: C:/Users/Duncan/git/ForthCPU/ForthCPU.lpf(22): Semantic error in
     "LOCATE COMP "PIN_DEBUG_DATA[3]" SITE "A10" ;": COMP "PIN_DEBUG_DATA[3]"
     cannot be found in design. This preference has been disabled.
WARNING - map: C:/Users/Duncan/git/ForthCPU/ForthCPU.lpf(23): Semantic error in
     "LOCATE COMP "PIN_DEBUG_DATA[4]" SITE "C4" ;": COMP "PIN_DEBUG_DATA[4]"
     cannot be found in design. This preference has been disabled.
WARNING - map: C:/Users/Duncan/git/ForthCPU/ForthCPU.lpf(24): Semantic error in
     "LOCATE COMP "PIN_DEBUG_DATA[5]" SITE "E6" ;": COMP "PIN_DEBUG_DATA[5]"
     cannot be found in design. This preference has been disabled.
WARNING - map: C:/Users/Duncan/git/ForthCPU/ForthCPU.lpf(25): Semantic error in
     "LOCATE COMP "PIN_DEBUG_DATA[6]" SITE "D6" ;": COMP "PIN_DEBUG_DATA[6]"
     cannot be found in design. This preference has been disabled.
WARNING - map: C:/Users/Duncan/git/ForthCPU/ForthCPU.lpf(26): Semantic error in
     "LOCATE COMP "PIN_DEBUG_DATA[7]" SITE "C5" ;": COMP "PIN_DEBUG_DATA[7]"
     cannot be found in design. This preference has been disabled.
WARNING - map: C:/Users/Duncan/git/ForthCPU/ForthCPU.lpf(28): Semantic error in
     "LOCATE COMP "PIN_STOPPEDN" SITE "A13" ;": COMP "PIN_STOPPEDN" cannot be
     found in design. This preference has been disabled.
WARNING - map: C:/Users/Duncan/git/ForthCPU/ForthCPU.lpf(29): Semantic error in
     "LOCATE COMP "PIN_FETCHN" SITE "F8" ;": COMP "PIN_FETCHN" cannot be found
     in design. This preference has been disabled.
WARNING - map: C:/Users/Duncan/git/ForthCPU/ForthCPU.lpf(30): Semantic error in
     "LOCATE COMP "PIN_DECODEN" SITE "C12" ;": COMP "PIN_DECODEN" cannot be
     found in design. This preference has been disabled.
WARNING - map: C:/Users/Duncan/git/ForthCPU/ForthCPU.lpf(31): Semantic error in
     "LOCATE COMP "PIN_EXECUTEN" SITE "E10" ;": COMP "PIN_EXECUTEN" cannot be
     found in design. This preference has been disabled.
WARNING - map: C:/Users/Duncan/git/ForthCPU/ForthCPU.lpf(32): Semantic error in
     "LOCATE COMP "PIN_COMMITN" SITE "F9" ;": COMP "PIN_COMMITN" cannot be found
     in design. This preference has been disabled.
WARNING - map: C:/Users/Duncan/git/ForthCPU/ForthCPU.lpf(35): Semantic error in
     "IOBUF PORT "PIN_CLK_X1" PULLMODE=NONE IO_TYPE=LVCMOS33 ;": Port
     "PIN_CLK_X1" does not exist in the design. This preference has been
     disabled.
WARNING - map: C:/Users/Duncan/git/ForthCPU/ForthCPU.lpf(36): Semantic error in
     "IOBUF PORT "PIN_RXD" PULLMODE=UP IO_TYPE=LVCMOS33 ;": Port "PIN_RXD" does
     not exist in the design. This preference has been disabled.
WARNING - map: C:/Users/Duncan/git/ForthCPU/ForthCPU.lpf(37): Semantic error in
     "IOBUF PORT "PIN_TXD" PULLMODE=NONE IO_TYPE=LVCMOS33 ;": Port "PIN_TXD"
     does not exist in the design. This preference has been disabled.
WARNING - map: C:/Users/Duncan/git/ForthCPU/ForthCPU.lpf(38): Semantic error in
     "IOBUF PORT "PIN_RESETN" PULLMODE=UP IO_TYPE=LVCMOS33 ;": Port "PIN_RESETN"
     does not exist in the design. This preference has been disabled.
WARNING - map: C:/Users/Duncan/git/ForthCPU/ForthCPU.lpf(40): Semantic error in
     "IOBUF PORT "PIN_DEBUG_STOP" PULLMODE=UP IO_TYPE=LVCMOS33 ;": Port
     "PIN_DEBUG_STOP" does not exist in the design. This preference has been
     disabled.

                                    Page 2




Design:  ramTests                                      Date:  01/13/24  15:07:20

Design Errors/Warnings (cont)
-----------------------------
WARNING - map: C:/Users/Duncan/git/ForthCPU/ForthCPU.lpf(41): Semantic error in
     "IOBUF PORT "PIN_DEBUG_WRN" PULLMODE=UP IO_TYPE=LVCMOS33 ;": Port
     "PIN_DEBUG_WRN" does not exist in the design. This preference has been
     disabled.
WARNING - map: C:/Users/Duncan/git/ForthCPU/ForthCPU.lpf(42): Semantic error in
     "IOBUF PORT "PIN_DEBUG_RDN" PULLMODE=UP IO_TYPE=LVCMOS33 ;": Port
     "PIN_DEBUG_RDN" does not exist in the design. This preference has been
     disabled.
WARNING - map: C:/Users/Duncan/git/ForthCPU/ForthCPU.lpf(43): Semantic error in
     "IOBUF PORT "PIN_DEBUG_ADDR[0]" PULLMODE=NONE IO_TYPE=LVCMOS33 ;": Port
     "PIN_DEBUG_ADDR[0]" does not exist in the design. This preference has been
     disabled.
WARNING - map: C:/Users/Duncan/git/ForthCPU/ForthCPU.lpf(44): Semantic error in
     "IOBUF PORT "PIN_DEBUG_ADDR[1]" PULLMODE=NONE IO_TYPE=LVCMOS33 ;": Port
     "PIN_DEBUG_ADDR[1]" does not exist in the design. This preference has been
     disabled.
WARNING - map: C:/Users/Duncan/git/ForthCPU/ForthCPU.lpf(45): Semantic error in
     "IOBUF PORT "PIN_DEBUG_ADDR[2]" PULLMODE=NONE IO_TYPE=LVCMOS33 ;": Port
     "PIN_DEBUG_ADDR[2]" does not exist in the design. This preference has been
     disabled.
WARNING - map: C:/Users/Duncan/git/ForthCPU/ForthCPU.lpf(46): Semantic error in
     "IOBUF PORT "PIN_DEBUG_DATA[0]" PULLMODE=NONE IO_TYPE=LVCMOS33 ;": Port
     "PIN_DEBUG_DATA[0]" does not exist in the design. This preference has been
     disabled.
WARNING - map: C:/Users/Duncan/git/ForthCPU/ForthCPU.lpf(47): Semantic error in
     "IOBUF PORT "PIN_DEBUG_DATA[1]" PULLMODE=NONE IO_TYPE=LVCMOS33 ;": Port
     "PIN_DEBUG_DATA[1]" does not exist in the design. This preference has been
     disabled.
WARNING - map: C:/Users/Duncan/git/ForthCPU/ForthCPU.lpf(48): Semantic error in
     "IOBUF PORT "PIN_DEBUG_DATA[2]" PULLMODE=NONE IO_TYPE=LVCMOS33 ;": Port
     "PIN_DEBUG_DATA[2]" does not exist in the design. This preference has been
     disabled.
WARNING - map: C:/Users/Duncan/git/ForthCPU/ForthCPU.lpf(49): Semantic error in
     "IOBUF PORT "PIN_DEBUG_DATA[3]" PULLMODE=NONE IO_TYPE=LVCMOS33 ;": Port
     "PIN_DEBUG_DATA[3]" does not exist in the design. This preference has been
     disabled.
WARNING - map: C:/Users/Duncan/git/ForthCPU/ForthCPU.lpf(50): Semantic error in
     "IOBUF PORT "PIN_DEBUG_DATA[4]" PULLMODE=NONE IO_TYPE=LVCMOS33 ;": Port
     "PIN_DEBUG_DATA[4]" does not exist in the design. This preference has been
     disabled.
WARNING - map: C:/Users/Duncan/git/ForthCPU/ForthCPU.lpf(51): Semantic error in
     "IOBUF PORT "PIN_DEBUG_DATA[5]" PULLMODE=NONE IO_TYPE=LVCMOS33 ;": Port
     "PIN_DEBUG_DATA[5]" does not exist in the design. This preference has been
     disabled.
WARNING - map: C:/Users/Duncan/git/ForthCPU/ForthCPU.lpf(52): Semantic error in
     "IOBUF PORT "PIN_DEBUG_DATA[6]" PULLMODE=NONE IO_TYPE=LVCMOS33 ;": Port
     "PIN_DEBUG_DATA[6]" does not exist in the design. This preference has been
     disabled.
WARNING - map: C:/Users/Duncan/git/ForthCPU/ForthCPU.lpf(53): Semantic error in
     "IOBUF PORT "PIN_DEBUG_DATA[7]" PULLMODE=NONE IO_TYPE=LVCMOS33 ;": Port
     "PIN_DEBUG_DATA[7]" does not exist in the design. This preference has been
     disabled.
WARNING - map: C:/Users/Duncan/git/ForthCPU/ForthCPU.lpf(55): Semantic error in
     "IOBUF PORT "PIN_STOPPEDN" PULLMODE=UP IO_TYPE=LVCMOS33 ;": Port
     "PIN_STOPPEDN" does not exist in the design. This preference has been
     disabled.

                                    Page 3




Design:  ramTests                                      Date:  01/13/24  15:07:20

Design Errors/Warnings (cont)
-----------------------------
WARNING - map: C:/Users/Duncan/git/ForthCPU/ForthCPU.lpf(56): Semantic error in
     "IOBUF PORT "PIN_FETCHN" PULLMODE=UP IO_TYPE=LVCMOS33 ;": Port "PIN_FETCHN"
     does not exist in the design. This preference has been disabled.
WARNING - map: C:/Users/Duncan/git/ForthCPU/ForthCPU.lpf(57): Semantic error in
     "IOBUF PORT "PIN_DECODEN" PULLMODE=UP IO_TYPE=LVCMOS33 ;": Port
     "PIN_DECODEN" does not exist in the design. This preference has been
     disabled.
WARNING - map: C:/Users/Duncan/git/ForthCPU/ForthCPU.lpf(58): Semantic error in
     "IOBUF PORT "PIN_EXECUTEN" PULLMODE=UP IO_TYPE=LVCMOS33 ;": Port
     "PIN_EXECUTEN" does not exist in the design. This preference has been
     disabled.
WARNING - map: C:/Users/Duncan/git/ForthCPU/ForthCPU.lpf(59): Semantic error in
     "IOBUF PORT "PIN_COMMITN" PULLMODE=UP IO_TYPE=LVCMOS33 ;": Port
     "PIN_COMMITN" does not exist in the design. This preference has been
     disabled.
ERROR - map: Design is empty.

IO (PIO) Attributes
-------------------

   IO attributes information not available.

Removed logic
-------------

Block VCC_0 undriven or does not drive anything - clipped.
Block GSR_INST undriven or does not drive anything - clipped.
Block GND_0 undriven or does not drive anything - clipped.
Signal VCC undriven or does not drive anything - clipped.




























                                    Page 4



ASIC Components
---------------

Copyright (c) 1991-1994 by NeoCAD Inc. All rights reserved.
     Copyright (c) 1995 AT&T Corp.   All rights reserved.
     Copyright (c) 1995-2001 Lucent Technologies Inc.  All rights reserved.
     Copyright (c) 2001 Agere Systems   All rights reserved.
     Copyright (c) 2002-2023 Lattice Semiconductor Corporation,  All rights
     reserved.
