
Copyright (C) 1994-2023 Synopsys, Inc.
This Synopsys software and all associated documentation are proprietary to Synopsys, Inc.
and may only be used pursuant to the terms and conditions of a written license agreement
with Synopsys, Inc. All other use, reproduction, modification, or distribution of the
Synopsys software or the associated documentation is strictly prohibited.
Tool: Synplify Pro (R)
Build: U-2023.03L-SP1
Install: C:\lscc\diamond\3.13\synpbase
OS: Windows 10 or later
Hostname: EDAWIN

Implementation : debugPortV2

# Written on Sat Jan 13 15:09:14 2024

##### DESIGN INFO #######################################################

Top View:                "instructionPhaseDecoder"
Constraint File(s):      (none)




##### SUMMARY ############################################################

Found 0 issues in 0 out of 0 constraints


##### DETAILS ############################################################



Clock Relationships
*******************

Starting                        Ending                          |     rise to rise     |     fall to fall     |     rise to fall     |     fall to rise                     
---------------------------------------------------------------------------------------------------------------------------------------------------------------------------
instructionPhaseDecoder|CLK     instructionPhaseDecoder|CLK     |     1000.000         |     No paths         |     No paths         |     No paths                         
===========================================================================================================================================================================
 Note: 'No paths' indicates there are no paths in the design for that pair of clock edges.
       'Diff grp' indicates that paths exist but the starting clock and ending clock are in different clock groups.


Unconstrained Start/End Points
******************************

p:COMMIT
p:DEBUG_AT_BKP
p:DEBUG_MODE
p:DEBUG_STEP_ACK
p:DEBUG_STEP_REQ
p:DEBUG_STOP
p:DECODE
p:EXECUTE
p:FETCH
p:HALTX
p:PC_ENX
p:RESET
p:STOPPED


Inapplicable constraints
************************

(none)


Applicable constraints with issues
**********************************

(none)


Constraints with matching wildcard expressions
**********************************************

(none)


Library Report
**************


# End of Constraint Checker Report
