
Copyright (C) 1994-2021 Synopsys, Inc.
This Synopsys software and all associated documentation are proprietary to Synopsys, Inc.
and may only be used pursuant to the terms and conditions of a written license agreement
with Synopsys, Inc. All other use, reproduction, modification, or distribution of the
Synopsys software or the associated documentation is strictly prohibited.
Tool: Synplify Pro (R)
Build: R-2021.03L-SP1
Install: C:\lscc\diamond\3.12\synpbase
OS: Windows 6.2

Hostname: EDAWIN

Implementation : bootROM
Synopsys HDL compiler and linker, Version comp202103synp2, Build 093R, Built Aug 10 2021 09:15:36, @

Modified Files: 8
FID:  path (prevtimestamp, timestamp)
0        C:\Users\Duncan\git\ForthCPU\bootROM\source\rom.v (N/A, 2023-10-31 18:09:40)
1        C:\Users\Duncan\git\ForthCPU\bootROM\source\tb_rom_tmpl.v (N/A, 2023-10-31 18:09:40)
2        C:\lscc\diamond\3.12\synpbase\lib\lucent\machxo3l.v (N/A, 2021-08-10 09:11:08)
3        C:\lscc\diamond\3.12\synpbase\lib\lucent\pmi_def.v (N/A, 2021-08-10 09:11:08)
4        C:\lscc\diamond\3.12\synpbase\lib\vlog\hypermods.v (N/A, 2021-08-10 09:07:02)
5        C:\lscc\diamond\3.12\synpbase\lib\vlog\scemi_objects.v (N/A, 2021-08-10 09:07:02)
6        C:\lscc\diamond\3.12\synpbase\lib\vlog\scemi_pipes.svh (N/A, 2021-08-10 09:07:02)
7        C:\lscc\diamond\3.12\synpbase\lib\vlog\umr_capim.v (N/A, 2021-08-10 09:07:02)

*******************************************************************
Modules that may have changed as a result of file changes: 2
MID:  lib.cell.view
0        work.rom.verilog may have changed because the following files changed:
                        C:\Users\Duncan\git\ForthCPU\bootROM\source\rom.v (N/A, 2023-10-31 18:09:40) <-- (module definition)
                        C:\Users\Duncan\git\ForthCPU\bootROM\source\tb_rom_tmpl.v (N/A, 2023-10-31 18:09:40) <-- (may instantiate this module)
1        work.tb.verilog may have changed because the following files changed:
                        C:\Users\Duncan\git\ForthCPU\bootROM\source\tb_rom_tmpl.v (N/A, 2023-10-31 18:09:40) <-- (module definition)

*******************************************************************
Unmodified files: 0
FID:  path (timestamp)

*******************************************************************
Unchanged modules: 0
MID:  lib.cell.view
