Model Technology ModelSim - Lattice FPGA Edition vlog 2020.3 Compiler 2020.10 Oct 14 2020
Start time: 18:29:33 on Sep 03,2023
vlog -work C:/Users/Duncan/git/ForthCPU/pmi_work -f C:/Users/Duncan/git/ForthCPU/pmi_work.f 
-- Compiling module jtaghub16
-- Compiling module pmi_add
-- Compiling module pmi_add_unsign
-- Compiling module pmi_add_sign
-- Compiling module pmi_addsub
-- Compiling module pmi_addsub_unsign
-- Compiling module pmi_addsub_sign
-- Compiling module pmi_complex_mult
-- Compiling module MultAddSub
-- Compiling module MultSign
-- Compiling module MultUnSign
-- Compiling module MultUnSignPipe
-- Compiling module MultSignPipe
-- Compiling module AddSign
-- Compiling module AddUnSign
-- Compiling module SubSign
-- Compiling module SubUnSign
-- Compiling module pmi_constant_mult
-- Compiling module pmi_counter
-- Compiling module pmi_distributed_dpram
-- Compiling module pmi_distributed_dpram_noreg
-- Compiling module pmi_distributed_dpram_reg
-- Compiling module pmi_distributed_rom
-- Compiling module pmi_distributed_rom_noreg
-- Compiling module pmi_distributed_rom_reg
-- Compiling module pmi_distributed_shift_reg
-- Compiling module pmi_distributed_shift_reg_fixed
-- Compiling module pmi_distributed_shift_reg_lossless
-- Compiling module pmi_distributed_shift_reg_lossy
-- Compiling module pmi_distributed_spram
-- Compiling module pmi_distributed_spram_noreg
-- Compiling module pmi_distributed_spram_reg
-- Compiling module pmi_dsp_casmultaddsub
-- Compiling module pmi_dsp_mac
-- Compiling module pmi_dsp_mult
-- Compiling module pmi_dsp_multaddsub
-- Compiling module pmi_dsp_multaddsubsum
-- Compiling module pmi_dsp_preadd_slice
-- Compiling module pmi_fifo
-- Compiling module pmi_fifo_dc
-- Compiling module pmi_mac
-- Compiling module pmi_mult
-- Compiling module pmi_multaddsub
-- Compiling module pmi_multaddsubsum
-- Compiling module pmi_pll
-- Compiling module pmi_pll_fp
-- Compiling module pmi_ram_dp
-- Compiling module pmi_ram_dp_be
-- Compiling module pmi_ram_dp_true
-- Compiling module pmi_ram_dp_true_be
-- Compiling module pmi_ram_dq
-- Compiling module pmi_ram_dq_be
-- Compiling module pmi_rom
-- Compiling module pmi_sub
-- Compiling module pmi_sub_unsign
-- Compiling module pmi_sub_sign

Top level modules:
	jtaghub16
	pmi_add
	pmi_addsub
	pmi_complex_mult
	pmi_constant_mult
	pmi_counter
	pmi_distributed_rom
	pmi_distributed_shift_reg
	pmi_dsp_casmultaddsub
	pmi_dsp_mac
	pmi_dsp_mult
	pmi_dsp_multaddsub
	pmi_dsp_multaddsubsum
	pmi_dsp_preadd_slice
	pmi_fifo
	pmi_fifo_dc
	pmi_mac
	pmi_mult
	pmi_multaddsub
	pmi_multaddsubsum
	pmi_pll
	pmi_pll_fp
	pmi_ram_dp
	pmi_ram_dp_be
	pmi_ram_dp_true
	pmi_ram_dp_true_be
	pmi_ram_dq_be
	pmi_rom
	pmi_sub
End time: 18:29:34 on Sep 03,2023, Elapsed time: 0:00:01
Errors: 0, Warnings: 0
Model Technology ModelSim - Lattice FPGA Edition vlog 2020.3 Compiler 2020.10 Oct 14 2020
Start time: 18:31:24 on Sep 03,2023
vlog -work C:/Users/Duncan/git/ForthCPU/pmi_work -f C:/Users/Duncan/git/ForthCPU/pmi_work.f 
-- Compiling module jtaghub16
-- Compiling module pmi_add
-- Compiling module pmi_add_unsign
-- Compiling module pmi_add_sign
-- Compiling module pmi_addsub
-- Compiling module pmi_addsub_unsign
-- Compiling module pmi_addsub_sign
-- Compiling module pmi_complex_mult
-- Compiling module MultAddSub
-- Compiling module MultSign
-- Compiling module MultUnSign
-- Compiling module MultUnSignPipe
-- Compiling module MultSignPipe
-- Compiling module AddSign
-- Compiling module AddUnSign
-- Compiling module SubSign
-- Compiling module SubUnSign
-- Compiling module pmi_constant_mult
-- Compiling module pmi_counter
-- Compiling module pmi_distributed_dpram
-- Compiling module pmi_distributed_dpram_noreg
-- Compiling module pmi_distributed_dpram_reg
-- Compiling module pmi_distributed_rom
-- Compiling module pmi_distributed_rom_noreg
-- Compiling module pmi_distributed_rom_reg
-- Compiling module pmi_distributed_shift_reg
-- Compiling module pmi_distributed_shift_reg_fixed
-- Compiling module pmi_distributed_shift_reg_lossless
-- Compiling module pmi_distributed_shift_reg_lossy
-- Compiling module pmi_distributed_spram
-- Compiling module pmi_distributed_spram_noreg
-- Compiling module pmi_distributed_spram_reg
-- Compiling module pmi_dsp_casmultaddsub
-- Compiling module pmi_dsp_mac
-- Compiling module pmi_dsp_mult
-- Compiling module pmi_dsp_multaddsub
-- Compiling module pmi_dsp_multaddsubsum
-- Compiling module pmi_dsp_preadd_slice
-- Compiling module pmi_fifo
-- Compiling module pmi_fifo_dc
-- Compiling module pmi_mac
-- Compiling module pmi_mult
-- Compiling module pmi_multaddsub
-- Compiling module pmi_multaddsubsum
-- Compiling module pmi_pll
-- Compiling module pmi_pll_fp
-- Compiling module pmi_ram_dp
-- Compiling module pmi_ram_dp_be
-- Compiling module pmi_ram_dp_true
-- Compiling module pmi_ram_dp_true_be
-- Compiling module pmi_ram_dq
-- Compiling module pmi_ram_dq_be
-- Compiling module pmi_rom
-- Compiling module pmi_sub
-- Compiling module pmi_sub_unsign
-- Compiling module pmi_sub_sign

Top level modules:
	jtaghub16
	pmi_add
	pmi_addsub
	pmi_complex_mult
	pmi_constant_mult
	pmi_counter
	pmi_distributed_rom
	pmi_distributed_shift_reg
	pmi_dsp_casmultaddsub
	pmi_dsp_mac
	pmi_dsp_mult
	pmi_dsp_multaddsub
	pmi_dsp_multaddsubsum
	pmi_dsp_preadd_slice
	pmi_fifo
	pmi_fifo_dc
	pmi_mac
	pmi_mult
	pmi_multaddsub
	pmi_multaddsubsum
	pmi_pll
	pmi_pll_fp
	pmi_ram_dp
	pmi_ram_dp_be
	pmi_ram_dp_true
	pmi_ram_dp_true_be
	pmi_ram_dq_be
	pmi_rom
	pmi_sub
End time: 18:31:24 on Sep 03,2023, Elapsed time: 0:00:00
Errors: 0, Warnings: 0
