Model Technology ModelSim - Lattice FPGA Edition vmap 2020.3 Lib Mapping Utility 2020.10 Oct 14 2020
vmap machxo3l_vlg C:/Users/Duncan/git/ForthCPU/machxo3l_vlg 
Modifying C:/lscc/diamond/3.12/modeltech/win32loem/../modelsim.ini
Model Technology ModelSim - Lattice FPGA Edition vmap 2020.3 Lib Mapping Utility 2020.10 Oct 14 2020
vmap pmi_work C:/Users/Duncan/git/ForthCPU/pmi_work 
Modifying C:/lscc/diamond/3.12/modeltech/win32loem/../modelsim.ini
Model Technology ModelSim - Lattice FPGA Edition vmap 2020.3 Lib Mapping Utility 2020.10 Oct 14 2020
vmap machxo3l C:/Users/Duncan/git/ForthCPU/machxo3l 
Modifying C:/lscc/diamond/3.12/modeltech/win32loem/../modelsim.ini
Model Technology ModelSim - Lattice FPGA Edition vmap 2020.3 Lib Mapping Utility 2020.10 Oct 14 2020
vmap pmi_work C:/Users/Duncan/git/ForthCPU/pmi_work 
Modifying C:/lscc/diamond/3.12/modeltech/win32loem/../modelsim.ini
Model Technology ModelSim - Lattice FPGA Edition vmap 2020.3 Lib Mapping Utility 2020.10 Oct 14 2020
vmap ecp5u C:/Users/Duncan/git/ForthCPU/ecp5u 
Modifying C:/lscc/diamond/3.12/modeltech/win32loem/../modelsim.ini
Model Technology ModelSim - Lattice FPGA Edition vmap 2020.3 Lib Mapping Utility 2020.10 Oct 14 2020
vmap pmi_work C:/Users/Duncan/git/ForthCPU/pmi_work 
Modifying C:/lscc/diamond/3.12/modeltech/win32loem/../modelsim.ini
Model Technology ModelSim - Lattice FPGA Edition vmap 2020.3 Lib Mapping Utility 2020.10 Oct 14 2020
vmap ecp5um C:/Users/Duncan/git/ForthCPU/ecp5u 
Modifying C:/lscc/diamond/3.12/modeltech/win32loem/../modelsim.ini
