
Copyright (C) 1994-2021 Synopsys, Inc.
This Synopsys software and all associated documentation are proprietary to Synopsys, Inc.
and may only be used pursuant to the terms and conditions of a written license agreement
with Synopsys, Inc. All other use, reproduction, modification, or distribution of the
Synopsys software or the associated documentation is strictly prohibited.
Tool: Synplify Pro (R)
Build: R-2021.03L-SP1
Install: C:\lscc\diamond\3.12\synpbase
OS: Windows 6.2

Hostname: EDAWIN

Implementation : impl1

# Written on Sun Dec 10 18:23:45 2023

##### DESIGN INFO #######################################################

Top View:                "mcu"
Constraint File(s):      (none)




##### SUMMARY ############################################################

Found 0 issues in 0 out of 0 constraints


##### DETAILS ############################################################



Clock Relationships
*******************

Starting                           Ending                             |     rise to rise     |     fall to fall     |     rise to fall     |     fall to rise                     
---------------------------------------------------------------------------------------------------------------------------------------------------------------------------------
System                             mcu|PIN_CLK_X1                     |     No paths         |     No paths         |     No paths         |     10.000                           
mcu|PIN_CLK_X1                     System                             |     No paths         |     No paths         |     10.000           |     No paths                         
mcu|PIN_CLK_X1                     mcu|PIN_CLK_X1                     |     10.000           |     10.000           |     5.000            |     5.000                            
mcu|PIN_CLK_X1                     mcu|DEBUG_WRN_1_inferred_clock     |     Diff grp         |     No paths         |     No paths         |     No paths                         
mcu|DEBUG_WRN_1_inferred_clock     System                             |     No paths         |     No paths         |     10.000           |     No paths                         
mcu|DEBUG_WRN_1_inferred_clock     mcu|PIN_CLK_X1                     |     Diff grp         |     No paths         |     Diff grp         |     No paths                         
mcu|DEBUG_WRN_1_inferred_clock     mcu|DEBUG_WRN_1_inferred_clock     |     10.000           |     No paths         |     No paths         |     No paths                         
=================================================================================================================================================================================
 Note: 'No paths' indicates there are no paths in the design for that pair of clock edges.
       'Diff grp' indicates that paths exist but the starting clock and ending clock are in different clock groups.


Unconstrained Start/End Points
******************************

p:COMMIT
p:DEBUG_ADDR[0]
p:DEBUG_ADDR[1]
p:DEBUG_ADDR[2]
p:DEBUG_DATA[0] (bidir end point)
p:DEBUG_DATA[0] (bidir start point)
p:DEBUG_DATA[1] (bidir end point)
p:DEBUG_DATA[1] (bidir start point)
p:DEBUG_DATA[2] (bidir end point)
p:DEBUG_DATA[2] (bidir start point)
p:DEBUG_DATA[3] (bidir end point)
p:DEBUG_DATA[3] (bidir start point)
p:DEBUG_DATA[4] (bidir end point)
p:DEBUG_DATA[4] (bidir start point)
p:DEBUG_DATA[5] (bidir end point)
p:DEBUG_DATA[5] (bidir start point)
p:DEBUG_DATA[6] (bidir end point)
p:DEBUG_DATA[6] (bidir start point)
p:DEBUG_DATA[7] (bidir end point)
p:DEBUG_DATA[7] (bidir start point)
p:DEBUG_RDN
p:DEBUG_WRN
p:DECODE
p:EXECUTE
p:FETCH
p:PIN_ADDR_BUS[0]
p:PIN_ADDR_BUS[1]
p:PIN_ADDR_BUS[2]
p:PIN_ADDR_BUS[3]
p:PIN_ADDR_BUS[4]
p:PIN_ADDR_BUS[5]
p:PIN_ADDR_BUS[6]
p:PIN_ADDR_BUS[7]
p:PIN_ADDR_BUS[8]
p:PIN_ADDR_BUS[9]
p:PIN_ADDR_BUS[10]
p:PIN_ADDR_BUS[11]
p:PIN_ADDR_BUS[12]
p:PIN_ADDR_BUS[13]
p:PIN_ADDR_BUS[14]
p:PIN_ADDR_BUS[15]
p:PIN_DATA_BUS[0]
p:PIN_DATA_BUS[1]
p:PIN_DATA_BUS[2]
p:PIN_DATA_BUS[3]
p:PIN_DATA_BUS[4]
p:PIN_DATA_BUS[5]
p:PIN_DATA_BUS[6]
p:PIN_DATA_BUS[7]
p:PIN_DATA_BUS[8]
p:PIN_DATA_BUS[9]
p:PIN_DATA_BUS[10]
p:PIN_DATA_BUS[11]
p:PIN_DATA_BUS[12]
p:PIN_DATA_BUS[13]
p:PIN_DATA_BUS[14]
p:PIN_DATA_BUS[15]
p:PIN_DIPSW[0]
p:PIN_DIPSW[1]
p:PIN_DIPSW[2]
p:PIN_DIPSW[3]
p:PIN_INT0
p:PIN_INT1
p:PIN_INT2
p:PIN_INT3
p:PIN_INT4
p:PIN_INT5
p:PIN_INT6
p:PIN_LED[0]
p:PIN_LED[1]
p:PIN_LED[2]
p:PIN_LED[3]
p:PIN_LED[4]
p:PIN_LED[5]
p:PIN_LED[6]
p:PIN_LED[7]
p:PIN_RDN
p:PIN_RESETN
p:PIN_RXD
p:PIN_TXD
p:PIN_WR0N
p:PIN_WR1N
p:STOPPED


Inapplicable constraints
************************

(none)


Applicable constraints with issues
**********************************

(none)


Constraints with matching wildcard expressions
**********************************************

(none)


Library Report
**************


# End of Constraint Checker Report
