
              Lattice Mapping Report File for Design Module 'tb'


Design Information
------------------

Command line:   map -a MachXO3L -p LCMXO3L-6900C -t CABGA256 -s 5 -oc Commercial
     ForthCPU_bootROM.ngd -o ForthCPU_bootROM_map.ncd -pr ForthCPU_bootROM.prf
     -mp ForthCPU_bootROM.mrp -lpf
     C:/Users/Duncan/git/ForthCPU/bootROM/ForthCPU_bootROM_synplify.lpf -lpf
     C:/Users/Duncan/git/ForthCPU/ForthCPU.lpf -c 0 -gui -msgset
     C:/Users/Duncan/git/ForthCPU/promote.xml 
Target Vendor:  LATTICE
Target Device:  LCMXO3L-6900CCABGA256
Target Performance:   5
Mapper:  xo3c00a,  version:  Diamond (64-bit) 3.12.1.454
Mapped on:  11/03/23  16:45:22




   Number of warnings:  33
   Number of errors:    1
     

Design Errors/Warnings
----------------------

WARNING - map: C:/Users/Duncan/git/ForthCPU/ForthCPU.lpf(19): Semantic error in
     "FREQUENCY PORT "PIN_CLK_X1" 12.000000 MHz ;": "PIN_CLK_X1" matches no
     ports in the design.  This preference has been disabled.
WARNING - map: C:/Users/Duncan/git/ForthCPU/ForthCPU.lpf(3): Semantic error in
     "LOCATE COMP "PIN_RESETN" SITE "B3" ;": COMP "PIN_RESETN" cannot be found
     in design. This preference has been disabled.
WARNING - map: C:/Users/Duncan/git/ForthCPU/ForthCPU.lpf(4): Semantic error in
     "LOCATE COMP "PIN_LED[0]" SITE "H11" ;": COMP "PIN_LED[0]" cannot be found
     in design. This preference has been disabled.
WARNING - map: C:/Users/Duncan/git/ForthCPU/ForthCPU.lpf(5): Semantic error in
     "LOCATE COMP "PIN_LED[1]" SITE "J13" ;": COMP "PIN_LED[1]" cannot be found
     in design. This preference has been disabled.
WARNING - map: C:/Users/Duncan/git/ForthCPU/ForthCPU.lpf(6): Semantic error in
     "LOCATE COMP "PIN_LED[2]" SITE "J11" ;": COMP "PIN_LED[2]" cannot be found
     in design. This preference has been disabled.
WARNING - map: C:/Users/Duncan/git/ForthCPU/ForthCPU.lpf(7): Semantic error in
     "LOCATE COMP "PIN_LED[3]" SITE "L12" ;": COMP "PIN_LED[3]" cannot be found
     in design. This preference has been disabled.
WARNING - map: C:/Users/Duncan/git/ForthCPU/ForthCPU.lpf(8): Semantic error in
     "LOCATE COMP "PIN_LED[4]" SITE "K11" ;": COMP "PIN_LED[4]" cannot be found
     in design. This preference has been disabled.
WARNING - map: C:/Users/Duncan/git/ForthCPU/ForthCPU.lpf(9): Semantic error in
     "LOCATE COMP "PIN_LED[5]" SITE "L13" ;": COMP "PIN_LED[5]" cannot be found
     in design. This preference has been disabled.
WARNING - map: C:/Users/Duncan/git/ForthCPU/ForthCPU.lpf(10): Semantic error in
     "LOCATE COMP "PIN_LED[6]" SITE "N15" ;": COMP "PIN_LED[6]" cannot be found
     in design. This preference has been disabled.
WARNING - map: C:/Users/Duncan/git/ForthCPU/ForthCPU.lpf(11): Semantic error in
     "LOCATE COMP "PIN_LED[7]" SITE "P16" ;": COMP "PIN_LED[7]" cannot be found
     in design. This preference has been disabled.
WARNING - map: C:/Users/Duncan/git/ForthCPU/ForthCPU.lpf(12): Semantic error in
     "LOCATE COMP "PIN_DIPSW[0]" SITE "N2" ;": COMP "PIN_DIPSW[0]" cannot be
     found in design. This preference has been disabled.

                                    Page 1




Design:  tb                                            Date:  11/03/23  16:45:22

Design Errors/Warnings (cont)
-----------------------------
WARNING - map: C:/Users/Duncan/git/ForthCPU/ForthCPU.lpf(13): Semantic error in
     "LOCATE COMP "PIN_DIPSW[1]" SITE "P1" ;": COMP "PIN_DIPSW[1]" cannot be
     found in design. This preference has been disabled.
WARNING - map: C:/Users/Duncan/git/ForthCPU/ForthCPU.lpf(14): Semantic error in
     "LOCATE COMP "PIN_DIPSW[2]" SITE "M3" ;": COMP "PIN_DIPSW[2]" cannot be
     found in design. This preference has been disabled.
WARNING - map: C:/Users/Duncan/git/ForthCPU/ForthCPU.lpf(15): Semantic error in
     "LOCATE COMP "PIN_DIPSW[3]" SITE "N1" ;": COMP "PIN_DIPSW[3]" cannot be
     found in design. This preference has been disabled.
WARNING - map: C:/Users/Duncan/git/ForthCPU/ForthCPU.lpf(16): Semantic error in
     "LOCATE COMP "PIN_CLK_X1" SITE "C8" ;": COMP "PIN_CLK_X1" cannot be found
     in design. This preference has been disabled.
WARNING - map: C:/Users/Duncan/git/ForthCPU/ForthCPU.lpf(17): Semantic error in
     "LOCATE COMP "PIN_RXD" SITE "C12" ;": COMP "PIN_RXD" cannot be found in
     design. This preference has been disabled.
WARNING - map: C:/Users/Duncan/git/ForthCPU/ForthCPU.lpf(18): Semantic error in
     "LOCATE COMP "PIN_TXD" SITE "E10" ;": COMP "PIN_TXD" cannot be found in
     design. This preference has been disabled.
WARNING - map: C:/Users/Duncan/git/ForthCPU/ForthCPU.lpf(20): Semantic error in
     "IOBUF PORT "PIN_CLK_X1" PULLMODE=NONE IO_TYPE=LVCMOS33 ;": Port
     "PIN_CLK_X1" does not exist in the design. This preference has been
     disabled.
WARNING - map: C:/Users/Duncan/git/ForthCPU/ForthCPU.lpf(21): Semantic error in
     "IOBUF PORT "PIN_DIPSW[3]" PULLMODE=UP IO_TYPE=LVCMOS33 ;": Port
     "PIN_DIPSW[3]" does not exist in the design. This preference has been
     disabled.
WARNING - map: C:/Users/Duncan/git/ForthCPU/ForthCPU.lpf(22): Semantic error in
     "IOBUF PORT "PIN_DIPSW[0]" PULLMODE=UP IO_TYPE=LVCMOS33 ;": Port
     "PIN_DIPSW[0]" does not exist in the design. This preference has been
     disabled.
WARNING - map: C:/Users/Duncan/git/ForthCPU/ForthCPU.lpf(23): Semantic error in
     "IOBUF PORT "PIN_DIPSW[1]" PULLMODE=UP IO_TYPE=LVCMOS33 ;": Port
     "PIN_DIPSW[1]" does not exist in the design. This preference has been
     disabled.
WARNING - map: C:/Users/Duncan/git/ForthCPU/ForthCPU.lpf(24): Semantic error in
     "IOBUF PORT "PIN_DIPSW[2]" PULLMODE=UP IO_TYPE=LVCMOS33 ;": Port
     "PIN_DIPSW[2]" does not exist in the design. This preference has been
     disabled.
WARNING - map: C:/Users/Duncan/git/ForthCPU/ForthCPU.lpf(25): Semantic error in
     "IOBUF PORT "PIN_RESETN" PULLMODE=UP IO_TYPE=LVCMOS33 ;": Port "PIN_RESETN"
     does not exist in the design. This preference has been disabled.
WARNING - map: C:/Users/Duncan/git/ForthCPU/ForthCPU.lpf(26): Semantic error in
     "IOBUF PORT "PIN_LED[0]" PULLMODE=UP IO_TYPE=LVCMOS33 ;": Port "PIN_LED[0]"
     does not exist in the design. This preference has been disabled.
WARNING - map: C:/Users/Duncan/git/ForthCPU/ForthCPU.lpf(27): Semantic error in
     "IOBUF PORT "PIN_LED[1]" PULLMODE=UP IO_TYPE=LVCMOS33 ;": Port "PIN_LED[1]"
     does not exist in the design. This preference has been disabled.
WARNING - map: C:/Users/Duncan/git/ForthCPU/ForthCPU.lpf(28): Semantic error in
     "IOBUF PORT "PIN_LED[2]" PULLMODE=UP IO_TYPE=LVCMOS33 ;": Port "PIN_LED[2]"
     does not exist in the design. This preference has been disabled.
WARNING - map: C:/Users/Duncan/git/ForthCPU/ForthCPU.lpf(29): Semantic error in
     "IOBUF PORT "PIN_LED[3]" PULLMODE=UP IO_TYPE=LVCMOS33 ;": Port "PIN_LED[3]"
     does not exist in the design. This preference has been disabled.
WARNING - map: C:/Users/Duncan/git/ForthCPU/ForthCPU.lpf(30): Semantic error in
     "IOBUF PORT "PIN_LED[4]" PULLMODE=UP IO_TYPE=LVCMOS33 ;": Port "PIN_LED[4]"
     does not exist in the design. This preference has been disabled.

                                    Page 2




Design:  tb                                            Date:  11/03/23  16:45:22

Design Errors/Warnings (cont)
-----------------------------
WARNING - map: C:/Users/Duncan/git/ForthCPU/ForthCPU.lpf(31): Semantic error in
     "IOBUF PORT "PIN_LED[5]" PULLMODE=UP IO_TYPE=LVCMOS33 ;": Port "PIN_LED[5]"
     does not exist in the design. This preference has been disabled.
WARNING - map: C:/Users/Duncan/git/ForthCPU/ForthCPU.lpf(32): Semantic error in
     "IOBUF PORT "PIN_LED[6]" PULLMODE=UP IO_TYPE=LVCMOS33 ;": Port "PIN_LED[6]"
     does not exist in the design. This preference has been disabled.
WARNING - map: C:/Users/Duncan/git/ForthCPU/ForthCPU.lpf(33): Semantic error in
     "IOBUF PORT "PIN_LED[7]" PULLMODE=UP IO_TYPE=LVCMOS33 ;": Port "PIN_LED[7]"
     does not exist in the design. This preference has been disabled.
WARNING - map: C:/Users/Duncan/git/ForthCPU/ForthCPU.lpf(34): Semantic error in
     "IOBUF PORT "PIN_RXD" PULLMODE=UP IO_TYPE=LVCMOS33 ;": Port "PIN_RXD" does
     not exist in the design. This preference has been disabled.
WARNING - map: C:/Users/Duncan/git/ForthCPU/ForthCPU.lpf(35): Semantic error in
     "IOBUF PORT "PIN_TXD" PULLMODE=NONE IO_TYPE=LVCMOS33 ;": Port "PIN_TXD"
     does not exist in the design. This preference has been disabled.
ERROR - map: Design is empty.

IO (PIO) Attributes
-------------------

   IO attributes information not available.

Removed logic
-------------

Block VCC_0 undriven or does not drive anything - clipped.
Block GSR_INST undriven or does not drive anything - clipped.
Block GND_0 undriven or does not drive anything - clipped.
Signal VCC undriven or does not drive anything - clipped.




























                                    Page 3



ASIC Components
---------------

Copyright (c) 1991-1994 by NeoCAD Inc. All rights reserved.
     Copyright (c) 1995 AT&T Corp.   All rights reserved.
     Copyright (c) 1995-2001 Lucent Technologies Inc.  All rights reserved.
     Copyright (c) 2001 Agere Systems   All rights reserved.
     Copyright (c) 2002-2020 Lattice Semiconductor Corporation,  All rights
     reserved.
