C:\lscc\diamond\3.12\synpbase\bin64\c_hdl.exe  -osyn  C:\Users\Duncan\git\ForthCPU\processorCore\synwork\ForthCPU_processorCore_comp.srs  -top  processorCoreTests  -hdllog  C:\Users\Duncan\git\ForthCPU\processorCore\synlog\ForthCPU_processorCore_compiler.srr  -encrypt  -mp  4  -verification_mode 0 -rtl_xmr_naming  -verilog  -prodtype  synplify_pro  -dspmac -fixsmult -infer_seqShift -nram -sdff_counter -divnmod -nostructver   -I C:\Users\Duncan\git\ForthCPU  -I C:\Users\Duncan\git\ForthCPU\processorCore\  -I C:\lscc\diamond\3.12\synpbase\lib   -v2001  -devicelib  C:\lscc\diamond\3.12\synpbase\lib\lucent\machxo3l.v  -devicelib  C:\lscc\diamond\3.12\synpbase\lib\lucent\pmi_def.v  -encrypt  -pro  -dmgen  C:\Users\Duncan\git\ForthCPU\processorCore\dm  -ui -fid2 -ram -sharing on -ll 2000 -autosm  -D_MULTIPLE_FILE_COMPILATION_UNIT_  -lib work -fv2001 C:\Users\Duncan\git\ForthCPU\constants.v -lib work -fv2001 C:\Users\Duncan\git\ForthCPU\processorCore\source\core.v -lib work -fv2001 C:\Users\Duncan\git\ForthCPU\aluGroupDecoder\source\aluGroupDecoder.v -lib work -fv2001 C:\Users\Duncan\git\ForthCPU\loadStoreGroupDecoder\source\loadStoreGroupDecoder.v -lib work -fv2001 C:\Users\Duncan\git\ForthCPU\instructionPhaseDecoder\source\instructionPhaseDecoder.v -lib work -fv2001 C:\Users\Duncan\git\ForthCPU\programCounter\source\programCounter.v -lib work -fv2001 C:\Users\Duncan\git\ForthCPU\processorCore\test\processorCoreTests.v -lib work -fv2001 C:\Users\Duncan\git\ForthCPU\jumpGroupDecoder\source\jumpGroupDecoder.v -lib work -fv2001 C:\Users\Duncan\git\ForthCPU\registerFileB\source\registers.v -lib work -fv2001 C:\Users\Duncan\git\ForthCPU\registerFileB\source\registerFile.v -lib work -fv2001 C:\Users\Duncan\git\ForthCPU\aluB\source\alu.v -lib work -fv2001 C:\Users\Duncan\git\ForthCPU\aluB\source\aluAMux.v -lib work -fv2001 C:\Users\Duncan\git\ForthCPU\aluB\source\aluBMux.v -lib work -fv2001 C:\Users\Duncan\git\ForthCPU\aluB\source\fullALU.v -lib work -fv2001 C:\Users\Duncan\git\ForthCPU\opxMultiplexer\source\opxMultiplexer.v -lib work -fv2001 C:\Users\Duncan\git\ForthCPU\interruptLogic\source\interruptStateMachine.v -lib work -fv2001 C:\Users\Duncan\git\ForthCPU\branchLogic\source\branchLogic.v -lib work -fv2001 C:\Users\Duncan\git\ForthCPU\busController\source\busController.v -lib work -fv2001 C:\Users\Duncan\git\ForthCPU\testSetup.v -lib work -fv2001 C:\Users\Duncan\git\ForthCPU\generalGroupDecoder\source\generalGroupDecoder.v  -jobname  "compiler" 
relcom:..\..\..\..\..\..\lscc\diamond\3.12\synpbase\bin64\c_hdl.exe -osyn ..\synwork\ForthCPU_processorCore_comp.srs -top processorCoreTests -hdllog ..\synlog\ForthCPU_processorCore_compiler.srr -encrypt -mp 4 -verification_mode 0 -rtl_xmr_naming -verilog -prodtype synplify_pro -dspmac -fixsmult -infer_seqShift -nram -sdff_counter -divnmod -nostructver -I ..\..\..\ForthCPU -I ..\ -I ..\..\..\..\..\..\lscc\diamond\3.12\synpbase\lib -v2001 -devicelib ..\..\..\..\..\..\lscc\diamond\3.12\synpbase\lib\lucent\machxo3l.v -devicelib ..\..\..\..\..\..\lscc\diamond\3.12\synpbase\lib\lucent\pmi_def.v -encrypt -pro -dmgen ..\dm -ui -fid2 -ram -sharing on -ll 2000 -autosm -D_MULTIPLE_FILE_COMPILATION_UNIT_ -lib work -fv2001 ..\..\constants.v -lib work -fv2001 ..\source\core.v -lib work -fv2001 ..\..\aluGroupDecoder\source\aluGroupDecoder.v -lib work -fv2001 ..\..\loadStoreGroupDecoder\source\loadStoreGroupDecoder.v -lib work -fv2001 ..\..\instructionPhaseDecoder\source\instructionPhaseDecoder.v -lib work -fv2001 ..\..\programCounter\source\programCounter.v -lib work -fv2001 ..\test\processorCoreTests.v -lib work -fv2001 ..\..\jumpGroupDecoder\source\jumpGroupDecoder.v -lib work -fv2001 ..\..\registerFileB\source\registers.v -lib work -fv2001 ..\..\registerFileB\source\registerFile.v -lib work -fv2001 ..\..\aluB\source\alu.v -lib work -fv2001 ..\..\aluB\source\aluAMux.v -lib work -fv2001 ..\..\aluB\source\aluBMux.v -lib work -fv2001 ..\..\aluB\source\fullALU.v -lib work -fv2001 ..\..\opxMultiplexer\source\opxMultiplexer.v -lib work -fv2001 ..\..\interruptLogic\source\interruptStateMachine.v -lib work -fv2001 ..\..\branchLogic\source\branchLogic.v -lib work -fv2001 ..\..\busController\source\busController.v -lib work -fv2001 ..\..\testSetup.v -lib work -fv2001 ..\..\generalGroupDecoder\source\generalGroupDecoder.v -jobname "compiler"
rc:0 success:1 runtime:7
file:..\synwork\ForthCPU_processorCore_comp.srs|io:o|time:1697379434|size:2750|exec:0|csum:
file:..\synlog\ForthCPU_processorCore_compiler.srr|io:o|time:1697379434|size:27765|exec:0|csum:
file:..\..\..\..\..\..\lscc\diamond\3.12\synpbase\lib\lucent\machxo3l.v|io:i|time:1628583068|size:53334|exec:0|csum:BEFB982BE483587B26B156E884C15512
file:..\..\..\..\..\..\lscc\diamond\3.12\synpbase\lib\lucent\pmi_def.v|io:i|time:1628583068|size:40584|exec:0|csum:62845CEC2BB6FEBE1BA059B1E18015F4
file:.\-fv2001|io:i|time:0|size:-1|exec:0|csum:
file:..\..\constants.v|io:i|time:1697371955|size:5516|exec:0|csum:FA9158E2D8309CAE0A8979232245365A
file:.\-fv2001|io:i|time:0|size:-1|exec:0|csum:
file:..\source\core.v|io:i|time:1697374696|size:9818|exec:0|csum:8DC22D57DDAD2E82E3AC7DD0A1963F4C
file:.\-fv2001|io:i|time:0|size:-1|exec:0|csum:
file:..\..\aluGroupDecoder\source\aluGroupDecoder.v|io:i|time:1697319824|size:3532|exec:0|csum:781FFFA32F2F75D1D1FAB3AE71711DD9
file:.\-fv2001|io:i|time:0|size:-1|exec:0|csum:
file:..\..\loadStoreGroupDecoder\source\loadStoreGroupDecoder.v|io:i|time:1697379306|size:7152|exec:0|csum:698220AD0CA2BA5CFA740C1FCC37306F
file:.\-fv2001|io:i|time:0|size:-1|exec:0|csum:
file:..\..\instructionPhaseDecoder\source\instructionPhaseDecoder.v|io:i|time:1697379403|size:1147|exec:0|csum:A7D592AFDB612A8D49581FCD150A569E
file:.\-fv2001|io:i|time:0|size:-1|exec:0|csum:
file:..\..\programCounter\source\programCounter.v|io:i|time:1697361653|size:1989|exec:0|csum:36A7408FBD9E06EECED7B9E09470770A
file:.\-fv2001|io:i|time:0|size:-1|exec:0|csum:
file:..\test\processorCoreTests.v|io:i|time:1697370635|size:3398|exec:0|csum:354DFDE5E8F4D2DD94787A13B01208FF
file:.\-fv2001|io:i|time:0|size:-1|exec:0|csum:
file:..\..\jumpGroupDecoder\source\jumpGroupDecoder.v|io:i|time:1697374643|size:2812|exec:0|csum:46E6D58C3E9748EAC15047915E5DC69C
file:.\-fv2001|io:i|time:0|size:-1|exec:0|csum:
file:..\..\registerFileB\source\registers.v|io:i|time:1697378232|size:14302|exec:0|csum:59426E6B82035233B8FE3901C2EC9F85
file:.\-fv2001|io:i|time:0|size:-1|exec:0|csum:
file:..\..\registerFileB\source\registerFile.v|io:i|time:1697128176|size:1653|exec:0|csum:EFD980B7A9F1047710214FAC48F44FFB
file:.\-fv2001|io:i|time:0|size:-1|exec:0|csum:
file:..\..\aluB\source\alu.v|io:i|time:1696434299|size:2266|exec:0|csum:C6FA417B5827FE8A59BD77AFE63AADE1
file:.\-fv2001|io:i|time:0|size:-1|exec:0|csum:
file:..\..\aluB\source\aluAMux.v|io:i|time:1697318757|size:568|exec:0|csum:C36EC4F79AACE95A085D296021F4F0AF
file:.\-fv2001|io:i|time:0|size:-1|exec:0|csum:
file:..\..\aluB\source\aluBMux.v|io:i|time:1697318783|size:812|exec:0|csum:3E15867E82DD8394DA8AF283147C128C
file:.\-fv2001|io:i|time:0|size:-1|exec:0|csum:
file:..\..\aluB\source\fullALU.v|io:i|time:1697326881|size:1303|exec:0|csum:DB7E6EDA9110147BC5974B509C5D7E61
file:.\-fv2001|io:i|time:0|size:-1|exec:0|csum:
file:..\..\opxMultiplexer\source\opxMultiplexer.v|io:i|time:1697377276|size:4796|exec:0|csum:1E788251CE32AF1BFBE9370AC77F2F89
file:.\-fv2001|io:i|time:0|size:-1|exec:0|csum:
file:..\..\interruptLogic\source\interruptStateMachine.v|io:i|time:1697041474|size:3619|exec:0|csum:27A3087ACE5B619017EF5104C938CA08
file:.\-fv2001|io:i|time:0|size:-1|exec:0|csum:
file:..\..\branchLogic\source\branchLogic.v|io:i|time:1697060029|size:715|exec:0|csum:EE8B12C3839107258404B7CC40DFFCBD
file:.\-fv2001|io:i|time:0|size:-1|exec:0|csum:
file:..\..\busController\source\busController.v|io:i|time:1697326837|size:1637|exec:0|csum:729FD864463B912C8642232263922BA2
file:.\-fv2001|io:i|time:0|size:-1|exec:0|csum:
file:..\..\testSetup.v|io:i|time:1697372563|size:1099|exec:0|csum:E33961F0B29B51EE530B346568741568
file:.\-fv2001|io:i|time:0|size:-1|exec:0|csum:
file:..\..\generalGroupDecoder\source\generalGroupDecoder.v|io:i|time:1697373878|size:921|exec:0|csum:0219B2EB1B905C2B09C7A723AF23A111
file:..\..\..\..\..\..\lscc\diamond\3.12\synpbase\bin64\c_hdl.exe|io:i|time:1628583404|size:5754368|exec:1|csum:EF00E91BAA13FCD84C7D68B353143F73
