
Copyright (C) 1994-2021 Synopsys, Inc.
This Synopsys software and all associated documentation are proprietary to Synopsys, Inc.
and may only be used pursuant to the terms and conditions of a written license agreement
with Synopsys, Inc. All other use, reproduction, modification, or distribution of the
Synopsys software or the associated documentation is strictly prohibited.
Tool: Synplify Pro (R)
Build: R-2021.03L-SP1
Install: C:\lscc\diamond\3.12\synpbase
OS: Windows 6.2

Hostname: EDAWIN

Implementation : dataSourcesController
Synopsys HDL compiler and linker, Version comp202103synp2, Build 093R, Built Aug 10 2021 09:15:36, @

Modified Files: 1
FID:  path (prevtimestamp, timestamp)
2        C:\Users\Duncan\git\ForthCPU\data_sources.v (2023-09-04 17:58:52, 2023-09-04 18:05:46)

*******************************************************************
Modules that may have changed as a result of file changes: 1
MID:  lib.cell.view
0        work.data_sources.verilog may have changed because the following files changed:
                        C:\Users\Duncan\git\ForthCPU\data_sources.v (2023-09-04 17:58:52, 2023-09-04 18:05:46) <-- (module definition)

*******************************************************************
Unmodified files: 8
FID:  path (timestamp)
0        C:/Users/Duncan/git/ForthCPU/constants.v (2023-09-04 17:43:21)
1        C:\Users\Duncan\git\ForthCPU\constants.v (2023-09-04 17:43:21)
3        C:\lscc\diamond\3.12\synpbase\lib\lucent\machxo3l.v (2021-08-10 09:11:08)
4        C:\lscc\diamond\3.12\synpbase\lib\lucent\pmi_def.v (2021-08-10 09:11:08)
5        C:\lscc\diamond\3.12\synpbase\lib\vlog\hypermods.v (2021-08-10 09:07:02)
6        C:\lscc\diamond\3.12\synpbase\lib\vlog\scemi_objects.v (2021-08-10 09:07:02)
7        C:\lscc\diamond\3.12\synpbase\lib\vlog\scemi_pipes.svh (2021-08-10 09:07:02)
8        C:\lscc\diamond\3.12\synpbase\lib\vlog\umr_capim.v (2021-08-10 09:07:02)

*******************************************************************
Unchanged modules: 0
MID:  lib.cell.view
