SCUBA, Version Diamond (64-bit) 3.12.1.454
Sun Nov 19 17:12:04 2023
  
Copyright (c) 1991-1994 by NeoCAD Inc. All rights reserved.
Copyright (c) 1995 AT&T Corp.   All rights reserved.
Copyright (c) 1995-2001 Lucent Technologies Inc.  All rights reserved.
Copyright (c) 2001 Agere Systems   All rights reserved.
Copyright (c) 2002-2020 Lattice Semiconductor Corporation,  All rights reserved.
  
BEGIN SCUBA Module Synthesis
  
    Issued command   : C:\lscc\diamond\3.12\ispfpga\bin\nt64\scuba.exe -w -n rom -lang verilog -synth synplify -bus_exp 7 -bb -arch xo3c00a -type romblk -device LCMXO3L-6900C -addr_width 13 -data_width 16 -num_words 8192 -cascade -1 -memfile c:/users/duncan/git/forthcpu/bootrom/source/bootrom.mem -memformat orca 
    Circuit name     : rom
    Module type      : EBR_ROM
    Module Version   : 5.4
    Ports            : 
    Inputs       : Address[12:0], OutClock, OutClockEn, Reset
    Outputs      : Q[15:0]
    I/O buffer       : not inserted
    Memory file      : c:/users/duncan/git/forthcpu/bootrom/source/bootrom.mem
    EDIF output      : rom.edn
    Verilog output   : rom.v
    Verilog template : rom_tmpl.v
    Verilog testbench: tb_rom_tmpl.v
    Verilog purpose  : for synthesis and simulation
    Bus notation     : big endian
    Report output    : rom.srp
    Estimated Resource Usage:
            EBR : 16
  
END   SCUBA Module Synthesis

