
map -a "MachXO3L" -p LCMXO3L-6900C -t CABGA256 -s 5 -oc Commercial   "ForthCPU_processorCore.ngd" -o "ForthCPU_processorCore_map.ncd" -pr "ForthCPU_processorCore.prf" -mp "ForthCPU_processorCore.mrp" -lpf "C:/Users/Duncan/git/ForthCPU/processorCore/ForthCPU_processorCore_synplify.lpf" -lpf "C:/Users/Duncan/git/ForthCPU/ForthCPU.lpf"  -c 0           
map:  version Diamond (64-bit) 3.12.1.454

Copyright (c) 1991-1994 by NeoCAD Inc. All rights reserved.
Copyright (c) 1995 AT&T Corp.   All rights reserved.
Copyright (c) 1995-2001 Lucent Technologies Inc.  All rights reserved.
Copyright (c) 2001 Agere Systems   All rights reserved.
Copyright (c) 2002-2020 Lattice Semiconductor Corporation,  All rights reserved.
   Process the file: ForthCPU_processorCore.ngd
   Picdevice="LCMXO3L-6900C"

   Pictype="CABGA256"

   Picspeed=5

   Remove unused logic

   Do not produce over sized NCDs.

Part used: LCMXO3L-6900CCABGA256, Performance used: 5.

    <postMsg mid="1100523" type="Warning" dynamic="2" navigation="2" arg0="C:/Users/Duncan/git/ForthCPU/ForthCPU.lpf(18): Semantic error in &quot;FREQUENCY NET &quot;CLKOP&quot; 80.000000 MHz ;&quot;: " arg1="CLKOP matches no clock nets in the design. " arg2="C:/Users/Duncan/git/ForthCPU/ForthCPU.lpf" arg3="18"  />
    <postMsg mid="1101121" type="Warning" dynamic="2" navigation="2" arg0="C:/Users/Duncan/git/ForthCPU/ForthCPU.lpf(19): Semantic error in &quot;INPUT_SETUP ALLPORTS 50.000000 ns HOLD 12.000000 ns CLKNET &quot;clk&quot; ;&quot;: " arg1="&quot;clk&quot; matches no clknets in the design. " arg2="C:/Users/Duncan/git/ForthCPU/ForthCPU.lpf" arg3="19"  />
    <postMsg mid="1101121" type="Warning" dynamic="2" navigation="2" arg0="C:/Users/Duncan/git/ForthCPU/ForthCPU.lpf(20): Semantic error in &quot;INPUT_SETUP PORT &quot;reset&quot; 50.000000 ns CLKNET &quot;clk&quot; ;&quot;: " arg1="reset matches no ports in the design. &quot;clk&quot; matches no clknets in the design. " arg2="C:/Users/Duncan/git/ForthCPU/ForthCPU.lpf" arg3="20"  />
    <postMsg mid="1100679" type="Warning" dynamic="2" navigation="2" arg0="C:/Users/Duncan/git/ForthCPU/ForthCPU.lpf(5): Semantic error in &quot;LOCATE COMP &quot;addr[0]&quot; SITE &quot;P16&quot; ;&quot;: " arg1="addr[0]" arg2="C:/Users/Duncan/git/ForthCPU/ForthCPU.lpf" arg3="5"  />
    <postMsg mid="1100679" type="Warning" dynamic="2" navigation="2" arg0="C:/Users/Duncan/git/ForthCPU/ForthCPU.lpf(6): Semantic error in &quot;LOCATE COMP &quot;addr[1]&quot; SITE &quot;N15&quot; ;&quot;: " arg1="addr[1]" arg2="C:/Users/Duncan/git/ForthCPU/ForthCPU.lpf" arg3="6"  />
    <postMsg mid="1100679" type="Warning" dynamic="2" navigation="2" arg0="C:/Users/Duncan/git/ForthCPU/ForthCPU.lpf(7): Semantic error in &quot;LOCATE COMP &quot;addr[2]&quot; SITE &quot;L13&quot; ;&quot;: " arg1="addr[2]" arg2="C:/Users/Duncan/git/ForthCPU/ForthCPU.lpf" arg3="7"  />
    <postMsg mid="1100679" type="Warning" dynamic="2" navigation="2" arg0="C:/Users/Duncan/git/ForthCPU/ForthCPU.lpf(8): Semantic error in &quot;LOCATE COMP &quot;addr[3]&quot; SITE &quot;K11&quot; ;&quot;: " arg1="addr[3]" arg2="C:/Users/Duncan/git/ForthCPU/ForthCPU.lpf" arg3="8"  />
    <postMsg mid="1100679" type="Warning" dynamic="2" navigation="2" arg0="C:/Users/Duncan/git/ForthCPU/ForthCPU.lpf(9): Semantic error in &quot;LOCATE COMP &quot;addr[4]&quot; SITE &quot;L12&quot; ;&quot;: " arg1="addr[4]" arg2="C:/Users/Duncan/git/ForthCPU/ForthCPU.lpf" arg3="9"  />
    <postMsg mid="1100679" type="Warning" dynamic="2" navigation="2" arg0="C:/Users/Duncan/git/ForthCPU/ForthCPU.lpf(10): Semantic error in &quot;LOCATE COMP &quot;addr[5]&quot; SITE &quot;J11&quot; ;&quot;: " arg1="addr[5]" arg2="C:/Users/Duncan/git/ForthCPU/ForthCPU.lpf" arg3="10"  />
    <postMsg mid="1100679" type="Warning" dynamic="2" navigation="2" arg0="C:/Users/Duncan/git/ForthCPU/ForthCPU.lpf(11): Semantic error in &quot;LOCATE COMP &quot;addr[6]&quot; SITE &quot;J13&quot; ;&quot;: " arg1="addr[6]" arg2="C:/Users/Duncan/git/ForthCPU/ForthCPU.lpf" arg3="11"  />
    <postMsg mid="1100679" type="Warning" dynamic="2" navigation="2" arg0="C:/Users/Duncan/git/ForthCPU/ForthCPU.lpf(12): Semantic error in &quot;LOCATE COMP &quot;addr[7]&quot; SITE &quot;H11&quot; ;&quot;: " arg1="addr[7]" arg2="C:/Users/Duncan/git/ForthCPU/ForthCPU.lpf" arg3="12"  />
    <postMsg mid="1100644" type="Warning" dynamic="2" navigation="2" arg0="C:/Users/Duncan/git/ForthCPU/ForthCPU.lpf(13): Semantic error in &quot;IOBUF PORT &quot;reset&quot; IO_TYPE=LVCMOS33 ;&quot;: " arg1="reset" arg2="C:/Users/Duncan/git/ForthCPU/ForthCPU.lpf" arg3="13"  />
    <postMsg mid="1100679" type="Warning" dynamic="2" navigation="2" arg0="C:/Users/Duncan/git/ForthCPU/ForthCPU.lpf(15): Semantic error in &quot;LOCATE COMP &quot;pc_opx[0]&quot; SITE &quot;N2&quot; ;&quot;: " arg1="pc_opx[0]" arg2="C:/Users/Duncan/git/ForthCPU/ForthCPU.lpf" arg3="15"  />
    <postMsg mid="1100679" type="Warning" dynamic="2" navigation="2" arg0="C:/Users/Duncan/git/ForthCPU/ForthCPU.lpf(16): Semantic error in &quot;LOCATE COMP &quot;pc_opx[1]&quot; SITE &quot;P1&quot; ;&quot;: " arg1="pc_opx[1]" arg2="C:/Users/Duncan/git/ForthCPU/ForthCPU.lpf" arg3="16"  />
Loading device for application map from file 'xo3c6900.nph' in environment: C:/lscc/diamond/3.12/ispfpga.
Package Status:                     Final          Version 1.17.
Running general design DRC...

Removing unused logic...

Optimizing...

    <postMsg mid="51001032" type="Error"   dynamic="0" navigation="0"  />
    <postMsg mid="51001088" type="Info"    dynamic="0" navigation="0"  />
 

   Number of warnings:  14
   Number of errors:    1

