
 Lattice Mapping Report File for Design Module 'processorCoreInterruptTests'


Design Information
------------------

Command line:   map -a MachXO3L -p LCMXO3L-6900C -t CABGA256 -s 5 -oc Commercial
     ForthCPU_processorCore.ngd -o ForthCPU_processorCore_map.ncd -pr
     ForthCPU_processorCore.prf -mp ForthCPU_processorCore.mrp -lpf C:/Users/Dun
     can/git/ForthCPU/processorCore/ForthCPU_processorCore_synplify.lpf -lpf
     C:/Users/Duncan/git/ForthCPU/ForthCPU.lpf -c 0 -gui -msgset
     C:/Users/Duncan/git/ForthCPU/promote.xml 
Target Vendor:  LATTICE
Target Device:  LCMXO3L-6900CCABGA256
Target Performance:   5
Mapper:  xo3c00a,  version:  Diamond (64-bit) 3.12.1.454
Mapped on:  10/24/23  19:59:51




   Number of warnings:  14
   Number of errors:    1
     

Design Errors/Warnings
----------------------

WARNING - map: C:/Users/Duncan/git/ForthCPU/ForthCPU.lpf(18): Semantic error in
     "FREQUENCY NET "CLKOP" 80.000000 MHz ;": CLKOP matches no clock nets in the
     design.  This preference has been disabled.
WARNING - map: C:/Users/Duncan/git/ForthCPU/ForthCPU.lpf(19): Semantic error in
     "INPUT_SETUP ALLPORTS 50.000000 ns HOLD 12.000000 ns CLKNET "clk" ;": "clk"
     matches no clknets in the design.  This preference has been disabled.
WARNING - map: C:/Users/Duncan/git/ForthCPU/ForthCPU.lpf(20): Semantic error in
     "INPUT_SETUP PORT "reset" 50.000000 ns CLKNET "clk" ;": reset matches no
     ports in the design. "clk" matches no clknets in the design.  This
     preference has been disabled.
WARNING - map: C:/Users/Duncan/git/ForthCPU/ForthCPU.lpf(5): Semantic error in
     "LOCATE COMP "addr[0]" SITE "P16" ;": COMP "addr[0]" cannot be found in
     design. This preference has been disabled.
WARNING - map: C:/Users/Duncan/git/ForthCPU/ForthCPU.lpf(6): Semantic error in
     "LOCATE COMP "addr[1]" SITE "N15" ;": COMP "addr[1]" cannot be found in
     design. This preference has been disabled.
WARNING - map: C:/Users/Duncan/git/ForthCPU/ForthCPU.lpf(7): Semantic error in
     "LOCATE COMP "addr[2]" SITE "L13" ;": COMP "addr[2]" cannot be found in
     design. This preference has been disabled.
WARNING - map: C:/Users/Duncan/git/ForthCPU/ForthCPU.lpf(8): Semantic error in
     "LOCATE COMP "addr[3]" SITE "K11" ;": COMP "addr[3]" cannot be found in
     design. This preference has been disabled.
WARNING - map: C:/Users/Duncan/git/ForthCPU/ForthCPU.lpf(9): Semantic error in
     "LOCATE COMP "addr[4]" SITE "L12" ;": COMP "addr[4]" cannot be found in
     design. This preference has been disabled.
WARNING - map: C:/Users/Duncan/git/ForthCPU/ForthCPU.lpf(10): Semantic error in
     "LOCATE COMP "addr[5]" SITE "J11" ;": COMP "addr[5]" cannot be found in
     design. This preference has been disabled.
WARNING - map: C:/Users/Duncan/git/ForthCPU/ForthCPU.lpf(11): Semantic error in
     "LOCATE COMP "addr[6]" SITE "J13" ;": COMP "addr[6]" cannot be found in
     design. This preference has been disabled.
WARNING - map: C:/Users/Duncan/git/ForthCPU/ForthCPU.lpf(12): Semantic error in
     "LOCATE COMP "addr[7]" SITE "H11" ;": COMP "addr[7]" cannot be found in

                                    Page 1




Design:  processorCoreInterruptTests                   Date:  10/24/23  19:59:51

Design Errors/Warnings (cont)
-----------------------------
     design. This preference has been disabled.
WARNING - map: C:/Users/Duncan/git/ForthCPU/ForthCPU.lpf(13): Semantic error in
     "IOBUF PORT "reset" IO_TYPE=LVCMOS33 ;": Port "reset" does not exist in the
     design. This preference has been disabled.
WARNING - map: C:/Users/Duncan/git/ForthCPU/ForthCPU.lpf(15): Semantic error in
     "LOCATE COMP "pc_opx[0]" SITE "N2" ;": COMP "pc_opx[0]" cannot be found in
     design. This preference has been disabled.
WARNING - map: C:/Users/Duncan/git/ForthCPU/ForthCPU.lpf(16): Semantic error in
     "LOCATE COMP "pc_opx[1]" SITE "P1" ;": COMP "pc_opx[1]" cannot be found in
     design. This preference has been disabled.
ERROR - map: Design is empty.

IO (PIO) Attributes
-------------------

   IO attributes information not available.

Removed logic
-------------

Block VCC_0 undriven or does not drive anything - clipped.
Block GSR_INST undriven or does not drive anything - clipped.
Block GND_0 undriven or does not drive anything - clipped.
Signal VCC undriven or does not drive anything - clipped.

































                                    Page 2



ASIC Components
---------------

Copyright (c) 1991-1994 by NeoCAD Inc. All rights reserved.
     Copyright (c) 1995 AT&T Corp.   All rights reserved.
     Copyright (c) 1995-2001 Lucent Technologies Inc.  All rights reserved.
     Copyright (c) 2001 Agere Systems   All rights reserved.
     Copyright (c) 2002-2020 Lattice Semiconductor Corporation,  All rights
     reserved.
