Running in Lattice mode

                               Synplify Pro (R) 

                Version R-2021.03L-SP1 for win64 - Aug 10, 2021 

                    Copyright (c) 1988 - 2021 Synopsys, Inc.
   This software and the associated documentation are proprietary to Synopsys,
 Inc. This software may only be used in accordance with the terms and conditions
 of a written license agreement with Synopsys, Inc. All other use, reproduction,
            or distribution of this software is strictly prohibited.

Starting:    C:\lscc\diamond\3.12\synpbase\bin64\mbin\synbatch.exe
Install:     C:\lscc\diamond\3.12\synpbase
Hostname:    EDAWIN
Date:        Tue Oct 24 19:59:13 2023
Version:     R-2021.03L-SP1

Arguments:   -product synplify_pro -batch ForthCPU_processorCore_synplify.tcl
ProductType: synplify_pro




@W: UI147 |File already exists in project: "C:\Users\Duncan\git\ForthCPU\registerFileB\source\registers.v"
@W: UI147 |File already exists in project: "C:\Users\Duncan\git\ForthCPU\registerFileB\source\registers.v"
log file: "C:\Users\Duncan\git\ForthCPU\processorCore\ForthCPU_processorCore.srr"
Running: processorCore in foreground

Running proj_1|processorCore

Running Flow: compile (Compile) on proj_1|processorCore
# Tue Oct 24 19:59:14 2023

Running Flow: compile_flow (Compile Process) on proj_1|processorCore
# Tue Oct 24 19:59:14 2023

Running: compiler (Compile Input) on proj_1|processorCore
# Tue Oct 24 19:59:14 2023
Copied C:\Users\Duncan\git\ForthCPU\processorCore\synwork\ForthCPU_processorCore_comp.srs to C:\Users\Duncan\git\ForthCPU\processorCore\ForthCPU_processorCore.srs

compiler completed
# Tue Oct 24 19:59:21 2023

Return Code: 0
Run Time:00h:00m:07s

Running: multi_srs_gen (Multi-srs Generator) on proj_1|processorCore
# Tue Oct 24 19:59:21 2023

multi_srs_gen completed
# Tue Oct 24 19:59:22 2023

Return Code: 0
Run Time:00h:00m:01s
Copied C:\Users\Duncan\git\ForthCPU\processorCore\synwork\ForthCPU_processorCore_mult.srs to C:\Users\Duncan\git\ForthCPU\processorCore\ForthCPU_processorCore.srs
Copied C:\Users\Duncan\git\ForthCPU\processorCore\ForthCPU_processorCore.srr to C:\Users\Duncan\git\ForthCPU\processorCore\ForthCPU_processorCore.srf
Complete: Compile Process on proj_1|processorCore

Running: premap (Premap) on proj_1|processorCore
# Tue Oct 24 19:59:22 2023

premap completed
# Tue Oct 24 19:59:24 2023

Return Code: 0
Run Time:00h:00m:02s
Complete: Compile on proj_1|processorCore

Running Flow: map (Map) on proj_1|processorCore
# Tue Oct 24 19:59:24 2023
License granted for 4 parallel jobs

Running: fpga_mapper (Map & Optimize) on proj_1|processorCore
# Tue Oct 24 19:59:24 2023
Copied C:\Users\Duncan\git\ForthCPU\processorCore\synwork\ForthCPU_processorCore_m.srm to C:\Users\Duncan\git\ForthCPU\processorCore\ForthCPU_processorCore.srm

fpga_mapper completed
# Tue Oct 24 19:59:27 2023

Return Code: 0
Run Time:00h:00m:03s
Complete: Map on proj_1|processorCore
Copied C:\Users\Duncan\git\ForthCPU\processorCore\ForthCPU_processorCore.srr to C:\Users\Duncan\git\ForthCPU\processorCore\ForthCPU_processorCore.srf
Complete: Logic Synthesis on proj_1|processorCore
TCL script complete: "ForthCPU_processorCore_synplify.tcl"
exit status=0
exit status=0
Save changes for project:
C:\Users\Duncan\git\ForthCPU\processorCore\proj_1.prj
batch mode default:no
