C:\lscc\diamond\3.12\synpbase\bin64\c_hdl.exe  -osyn  C:\Users\Duncan\git\ForthCPU\programCounter\synwork\ForthCPU_programCounter_comp.srs  -top  pc_test_harness  -hdllog  C:\Users\Duncan\git\ForthCPU\programCounter\synlog\ForthCPU_programCounter_compiler.srr  -encrypt  -mp  4  -verification_mode 0 -rtl_xmr_naming  -verilog  -prodtype  synplify_pro  -dspmac -fixsmult -infer_seqShift -nram -sdff_counter -divnmod -nostructver   -I C:\Users\Duncan\git\ForthCPU  -I C:\Users\Duncan\git\ForthCPU\programCounter\  -I C:\lscc\diamond\3.12\synpbase\lib   -v2001  -devicelib  C:\lscc\diamond\3.12\synpbase\lib\lucent\machxo3l.v  -devicelib  C:\lscc\diamond\3.12\synpbase\lib\lucent\pmi_def.v  -encrypt  -pro  -dmgen  C:\Users\Duncan\git\ForthCPU\programCounter\dm  -ui -fid2 -ram -sharing on -ll 2000 -autosm  -D_MULTIPLE_FILE_COMPILATION_UNIT_  -lib work -fv2001 C:\Users\Duncan\git\ForthCPU\program_counter.v -lib work -fv2001 C:\Users\Duncan\git\ForthCPU\constants.v -lib work -fv2001 C:\Users\Duncan\git\ForthCPU\program_counter_testbench.v -lib work -fv2001 C:\Users\Duncan\git\ForthCPU\pc_test_harness.v -lib work -fv2001 C:\Users\Duncan\git\ForthCPU\pll.v -lib work -fv2001 C:\Users\Duncan\git\ForthCPU\prescaler.v  -jobname  "compiler" 
relcom:..\..\..\..\..\..\lscc\diamond\3.12\synpbase\bin64\c_hdl.exe -osyn ..\synwork\ForthCPU_programCounter_comp.srs -top pc_test_harness -hdllog ..\synlog\ForthCPU_programCounter_compiler.srr -encrypt -mp 4 -verification_mode 0 -rtl_xmr_naming -verilog -prodtype synplify_pro -dspmac -fixsmult -infer_seqShift -nram -sdff_counter -divnmod -nostructver -I ..\..\..\ForthCPU -I ..\ -I ..\..\..\..\..\..\lscc\diamond\3.12\synpbase\lib -v2001 -devicelib ..\..\..\..\..\..\lscc\diamond\3.12\synpbase\lib\lucent\machxo3l.v -devicelib ..\..\..\..\..\..\lscc\diamond\3.12\synpbase\lib\lucent\pmi_def.v -encrypt -pro -dmgen ..\dm -ui -fid2 -ram -sharing on -ll 2000 -autosm -D_MULTIPLE_FILE_COMPILATION_UNIT_ -lib work -fv2001 ..\..\program_counter.v -lib work -fv2001 ..\..\constants.v -lib work -fv2001 ..\..\program_counter_testbench.v -lib work -fv2001 ..\..\pc_test_harness.v -lib work -fv2001 ..\..\pll.v -lib work -fv2001 ..\..\prescaler.v -jobname "compiler"
rc:0 success:1 runtime:2
file:..\synwork\ForthCPU_programCounter_comp.srs|io:o|time:1694539399|size:8951|exec:0|csum:
file:..\synlog\ForthCPU_programCounter_compiler.srr|io:o|time:1694539399|size:8332|exec:0|csum:
file:..\..\..\..\..\..\lscc\diamond\3.12\synpbase\lib\lucent\machxo3l.v|io:i|time:1628583068|size:53334|exec:0|csum:BEFB982BE483587B26B156E884C15512
file:..\..\..\..\..\..\lscc\diamond\3.12\synpbase\lib\lucent\pmi_def.v|io:i|time:1628583068|size:40584|exec:0|csum:62845CEC2BB6FEBE1BA059B1E18015F4
file:.\-fv2001|io:i|time:0|size:-1|exec:0|csum:
file:..\..\program_counter.v|io:i|time:1694350734|size:695|exec:0|csum:BA7D73B0D0BE395DEDEAEA223505F884
file:.\-fv2001|io:i|time:0|size:-1|exec:0|csum:
file:..\..\constants.v|io:i|time:1694350396|size:2498|exec:0|csum:74B9AC314F8E1140B057A0ECF6BF5EA7
file:.\-fv2001|io:i|time:0|size:-1|exec:0|csum:
file:..\..\program_counter_testbench.v|io:i|time:1694351335|size:1016|exec:0|csum:D4EB83D664067043E9BC145CD30F03C1
file:.\-fv2001|io:i|time:0|size:-1|exec:0|csum:
file:..\..\pc_test_harness.v|io:i|time:1694539393|size:602|exec:0|csum:4DAB8C5F089F45637D4B5077088735A6
file:.\-fv2001|io:i|time:0|size:-1|exec:0|csum:
file:..\..\pll.v|io:i|time:1694538380|size:4849|exec:0|csum:15869062C8FE1171181525110A958F66
file:.\-fv2001|io:i|time:0|size:-1|exec:0|csum:
file:..\..\prescaler.v|io:i|time:1694539257|size:244|exec:0|csum:725291458445C4C02152F20CD7C3C42E
file:..\..\..\..\..\..\lscc\diamond\3.12\synpbase\bin64\c_hdl.exe|io:i|time:1628583404|size:5754368|exec:1|csum:EF00E91BAA13FCD84C7D68B353143F73
