Resource Usage Report
Part: lcmxo3l_6900c-5

Register bits: 247 of 54912 (0%)
Latch bits:      4
PIC Latch:       0
I/O cells:       49

Details:
CCU2D:          272
DP8KC:          26
FD1P3AX:        16
FD1P3BX:        23
FD1P3DX:        122
FD1P3IX:        15
FD1S1AY:        4
FD1S3AX:        8
FD1S3BX:        2
FD1S3DX:        19
FD1S3IX:        39
GSR:            1
IB:             3
IFS1P3DX:       1
INV:            4
L6MUX21:        16
MUX41:          16
OB:             14
OBZ:            32
OFS1P3BX:       2
ORCALUT4:       1170
PFUMX:          141
PUR:            1
VHI:            29
VLO:            29
